<?xml version="1.0" encoding="UTF-8" ?>
<testsuite errors="0" failures="0" hostname="Ewan-PC" name="HelloWorldTest" skipped="0" tests="3" time="0.038" timestamp="2016-12-06T15:54:28">
  <properties>
[...]
</properties>
  <testcase classname="HelloWorldTest" name="testAdd1Plus1" time="0.001" />
  <testcase classname="HelloWorldTest" name="testAdd2Plus1" time="0.0" />
  <testcase classname="HelloWorldTest" name="testMultiply2by17" time="0.0" />
  <system-out><![CDATA[2
3
34
]]></system-out>
  <system-err><![CDATA[]]></system-err>
</testsuite>
